Compiling the C compiler identification source file "CMakeCCompilerId.c" failed.
Compiler: /home/wt/zephyr-sdk/arm-zephyr-eabi/bin/arm-zephyr-eabi-gcc 
Build flags: 
Id flags:  

The output was:
1
/home/wt/zephyr-sdk/arm-zephyr-eabi/bin/../lib/gcc/arm-zephyr-eabi/10.3.0/../../../../arm-zephyr-eabi/bin/ld: /home/wt/zephyr-sdk/arm-zephyr-eabi/bin/../lib/gcc/arm-zephyr-eabi/10.3.0/../../../../arm-zephyr-eabi/lib/libc.a(lib_a-exit.o): in function `exit':
exit.c:(.text.exit+0x34): undefined reference to `_exit'
collect2: error: ld returned 1 exit status


Compiling the CXX compiler identification source file "CMakeCXXCompilerId.cpp" failed.
Compiler: /home/wt/zephyr-sdk/arm-zephyr-eabi/bin/arm-zephyr-eabi-g++ 
Build flags: 
Id flags:  

The output was:
1
/home/wt/zephyr-sdk/arm-zephyr-eabi/bin/../lib/gcc/arm-zephyr-eabi/10.3.0/../../../../arm-zephyr-eabi/bin/ld: /home/wt/zephyr-sdk/arm-zephyr-eabi/bin/../lib/gcc/arm-zephyr-eabi/10.3.0/../../../../arm-zephyr-eabi/lib/libc.a(lib_a-exit.o): in function `exit':
exit.c:(.text.exit+0x34): undefined reference to `_exit'
collect2: error: ld returned 1 exit status


Performing C SOURCE FILE Test check_mstack_protector_guard_global_C__nostartfiles__nostdlib__isystem___home_wt_zephyr_sdk_arm_zephyr_eabi_bin____lib_gcc_arm_zephyr_eabi_10_3_0_include___isystem___home_wt_zephyr_sdk_arm_zephyr_eabi_bin____lib_gcc_arm_zephyr_eabi_10_3_0_include_fixed___Wl___unresolved_symbols_ignore_in_object_files__Wl___entry_0 failed with the following output:
Change Dir: /home/wt/zephyr-kit/project_wkpace/build/CMakeFiles/CMakeTmp

Run Build Command(s):/usr/bin/make cmTC_746fd/fast && /usr/bin/make -f CMakeFiles/cmTC_746fd.dir/build.make CMakeFiles/cmTC_746fd.dir/build
make[1]: Entering directory '/home/wt/zephyr-kit/project_wkpace/build/CMakeFiles/CMakeTmp'
Building C object CMakeFiles/cmTC_746fd.dir/src.c.obj
/home/wt/zephyr-sdk/arm-zephyr-eabi/bin/arm-zephyr-eabi-gcc   -Dcheck_mstack_protector_guard_global_C__nostartfiles__nostdlib__isystem___home_wt_zephyr_sdk_arm_zephyr_eabi_bin____lib_gcc_arm_zephyr_eabi_10_3_0_include___isystem___home_wt_zephyr_sdk_arm_zephyr_eabi_bin____lib_gcc_arm_zephyr_eabi_10_3_0_include_fixed___Wl___unresolved_symbols_ignore_in_object_files__Wl___entry_0 -nostartfiles -nostdlib -isystem "/home/wt/zephyr-sdk/arm-zephyr-eabi/bin/../lib/gcc/arm-zephyr-eabi/10.3.0/include" -isystem "/home/wt/zephyr-sdk/arm-zephyr-eabi/bin/../lib/gcc/arm-zephyr-eabi/10.3.0/include-fixed" -Wl,--unresolved-symbols=ignore-in-object-files -Wl,--entry=0   -mstack-protector-guard=global -o CMakeFiles/cmTC_746fd.dir/src.c.obj   -c /home/wt/zephyr-kit/project_wkpace/build/CMakeFiles/CMakeTmp/src.c
arm-zephyr-eabi-gcc: error: unrecognized command-line option '-mstack-protector-guard=global'; did you mean '-fstack-protector-all'?
make[1]: *** [CMakeFiles/cmTC_746fd.dir/build.make:66: CMakeFiles/cmTC_746fd.dir/src.c.obj] Error 1
make[1]: Leaving directory '/home/wt/zephyr-kit/project_wkpace/build/CMakeFiles/CMakeTmp'
make: *** [Makefile:121: cmTC_746fd/fast] Error 2


Source file was:
int main(void) { return 0; }
Performing C SOURCE FILE Test check_C__nostartfiles__nostdlib__isystem___home_wt_zephyr_sdk_arm_zephyr_eabi_bin____lib_gcc_arm_zephyr_eabi_10_3_0_include___isystem___home_wt_zephyr_sdk_arm_zephyr_eabi_bin____lib_gcc_arm_zephyr_eabi_10_3_0_include_fixed___Wl___unresolved_symbols_ignore_in_object_files__Wl___entry_0__lasan failed with the following output:
Change Dir: /home/wt/zephyr-kit/project_wkpace/build/CMakeFiles/CMakeTmp

Run Build Command(s):/usr/bin/make cmTC_ad760/fast && /usr/bin/make -f CMakeFiles/cmTC_ad760.dir/build.make CMakeFiles/cmTC_ad760.dir/build
make[1]: Entering directory '/home/wt/zephyr-kit/project_wkpace/build/CMakeFiles/CMakeTmp'
Building C object CMakeFiles/cmTC_ad760.dir/src.c.obj
/home/wt/zephyr-sdk/arm-zephyr-eabi/bin/arm-zephyr-eabi-gcc   -Dcheck_C__nostartfiles__nostdlib__isystem___home_wt_zephyr_sdk_arm_zephyr_eabi_bin____lib_gcc_arm_zephyr_eabi_10_3_0_include___isystem___home_wt_zephyr_sdk_arm_zephyr_eabi_bin____lib_gcc_arm_zephyr_eabi_10_3_0_include_fixed___Wl___unresolved_symbols_ignore_in_object_files__Wl___entry_0__lasan -nostartfiles -nostdlib -isystem "/home/wt/zephyr-sdk/arm-zephyr-eabi/bin/../lib/gcc/arm-zephyr-eabi/10.3.0/include" -isystem "/home/wt/zephyr-sdk/arm-zephyr-eabi/bin/../lib/gcc/arm-zephyr-eabi/10.3.0/include-fixed" -Wl,--unresolved-symbols=ignore-in-object-files -Wl,--entry=0 -lasan   -o CMakeFiles/cmTC_ad760.dir/src.c.obj   -c /home/wt/zephyr-kit/project_wkpace/build/CMakeFiles/CMakeTmp/src.c
Linking C executable cmTC_ad760
/usr/bin/cmake -E cmake_link_script CMakeFiles/cmTC_ad760.dir/link.txt --verbose=1
/home/wt/zephyr-sdk/arm-zephyr-eabi/bin/arm-zephyr-eabi-gcc  -Dcheck_C__nostartfiles__nostdlib__isystem___home_wt_zephyr_sdk_arm_zephyr_eabi_bin____lib_gcc_arm_zephyr_eabi_10_3_0_include___isystem___home_wt_zephyr_sdk_arm_zephyr_eabi_bin____lib_gcc_arm_zephyr_eabi_10_3_0_include_fixed___Wl___unresolved_symbols_ignore_in_object_files__Wl___entry_0__lasan -nostartfiles -nostdlib -isystem "/home/wt/zephyr-sdk/arm-zephyr-eabi/bin/../lib/gcc/arm-zephyr-eabi/10.3.0/include" -isystem "/home/wt/zephyr-sdk/arm-zephyr-eabi/bin/../lib/gcc/arm-zephyr-eabi/10.3.0/include-fixed" -Wl,--unresolved-symbols=ignore-in-object-files -Wl,--entry=0 -lasan    CMakeFiles/cmTC_ad760.dir/src.c.obj  -o cmTC_ad760 
/home/wt/zephyr-sdk/arm-zephyr-eabi/bin/../lib/gcc/arm-zephyr-eabi/10.3.0/../../../../arm-zephyr-eabi/bin/ld: cannot find -lasan
collect2: error: ld returned 1 exit status
make[1]: *** [CMakeFiles/cmTC_ad760.dir/build.make:87: cmTC_ad760] Error 1
make[1]: Leaving directory '/home/wt/zephyr-kit/project_wkpace/build/CMakeFiles/CMakeTmp'
make: *** [Makefile:121: cmTC_ad760/fast] Error 2


Source file was:
int main(void) { return 0; }
Performing C SOURCE FILE Test check_C__nostartfiles__nostdlib__isystem___home_wt_zephyr_sdk_arm_zephyr_eabi_bin____lib_gcc_arm_zephyr_eabi_10_3_0_include___isystem___home_wt_zephyr_sdk_arm_zephyr_eabi_bin____lib_gcc_arm_zephyr_eabi_10_3_0_include_fixed___Wl___unresolved_symbols_ignore_in_object_files__Wl___entry_0__mfloat_abi_hard failed with the following output:
Change Dir: /home/wt/zephyr-kit/project_wkpace/build/CMakeFiles/CMakeTmp

Run Build Command(s):/usr/bin/make cmTC_d67c9/fast && /usr/bin/make -f CMakeFiles/cmTC_d67c9.dir/build.make CMakeFiles/cmTC_d67c9.dir/build
make[1]: Entering directory '/home/wt/zephyr-kit/project_wkpace/build/CMakeFiles/CMakeTmp'
Building C object CMakeFiles/cmTC_d67c9.dir/src.c.obj
/home/wt/zephyr-sdk/arm-zephyr-eabi/bin/arm-zephyr-eabi-gcc   -Dcheck_C__nostartfiles__nostdlib__isystem___home_wt_zephyr_sdk_arm_zephyr_eabi_bin____lib_gcc_arm_zephyr_eabi_10_3_0_include___isystem___home_wt_zephyr_sdk_arm_zephyr_eabi_bin____lib_gcc_arm_zephyr_eabi_10_3_0_include_fixed___Wl___unresolved_symbols_ignore_in_object_files__Wl___entry_0__mfloat_abi_hard -nostartfiles -nostdlib -isystem "/home/wt/zephyr-sdk/arm-zephyr-eabi/bin/../lib/gcc/arm-zephyr-eabi/10.3.0/include" -isystem "/home/wt/zephyr-sdk/arm-zephyr-eabi/bin/../lib/gcc/arm-zephyr-eabi/10.3.0/include-fixed" -Wl,--unresolved-symbols=ignore-in-object-files -Wl,--entry=0 -mfloat-abi=hard   -o CMakeFiles/cmTC_d67c9.dir/src.c.obj   -c /home/wt/zephyr-kit/project_wkpace/build/CMakeFiles/CMakeTmp/src.c
cc1: error: '-mfloat-abi=hard': selected processor lacks an FPU
make[1]: *** [CMakeFiles/cmTC_d67c9.dir/build.make:66: CMakeFiles/cmTC_d67c9.dir/src.c.obj] Error 1
make[1]: Leaving directory '/home/wt/zephyr-kit/project_wkpace/build/CMakeFiles/CMakeTmp'
make: *** [Makefile:121: cmTC_d67c9/fast] Error 2


Source file was:
int main(void) { return 0; }
